==============================================================================
Ecommerce-Robot                                                               
==============================================================================
Ecommerce-Robot.Tests                                                         
==============================================================================
Ecommerce-Robot.Tests.Test3 :: To validate Login form                         
==============================================================================
Validate Child Window Functionality                                     
  Traceback (most recent call last):
    ~~~~~~~~~~~~~~~~~~~~~~~~~~~~~~~~~~~~~~~~~~~~~~~~~~~~~~~~~~~~~~~~~~~~~~~~~~
    File  C:\Users\markg\OneDrive\Desktop\ecommerce-robot\tests\test3.robot:9
    T:  Validate Child Window Functionality    
    ~~~~~~~~~~~~~~~~~~~~~~~~~~~~~~~~~~~~~~~~~~~~~~~~~~~~~~~~~~~~~~~~~~~~~~~~~~
    File  C:\Users\markg\OneDrive\Desktop\ecommerce-robot\tests\test3.robot:11
      Verify the user is switched to child window    
    ~~~~~~~~~~~~~~~~~~~~~~~~~~~~~~~~~~~~~~~~~~~~~~~~~~~~~~~~~~~~~~~~~~~~~~~~~~
    File  C:\Users\markg\OneDrive\Desktop\ecommerce-robot\tests\test3.robot:21
      Switch Window    NEW
______________________________________________________________________________
| FAIL |
Window with last index is same as the current window.
------------------------------------------------------------------------------
Ecommerce-Robot.Tests.Test3 :: To validate Login form                 | FAIL |
1 test, 0 passed, 1 failed
==============================================================================
Ecommerce-Robot.Tests                                                 | FAIL |
1 test, 0 passed, 1 failed
==============================================================================
Ecommerce-Robot                                                       | FAIL |
1 test, 0 passed, 1 failed
==============================================================================
Output:  C:\Users\markg\OneDrive\Desktop\ecommerce-robot\pabot_results\2\output.xml
