1756202147065	geckodriver	INFO	Listening on 127.0.0.1:53576
1756202150138	mozrunner::runner	INFO	Running command: "C:\\Users\\markg\\.cache\\selenium\\firefox\\win64\\142.0\\firefox.exe" "--marionette" "--remote-debugging- ... 7" "--remote-allow-hosts" "localhost" "-no-remote" "-profile" "C:\\Users\\markg\\AppData\\Local\\Temp\\rust_mozprofileQVYtyP"
console.warn: services.settings: Ignoring preference override of remote settings server
console.warn: services.settings: Allow by setting MOZ_REMOTE_SETTINGS_DEVTOOLS=1 in the environment
Dynamically enable window occlusion 0
1756202151335	Marionette	INFO	Marionette enabled
1756202151742	Marionette	INFO	Listening on port 53697
Read port: 53697
WebDriver BiDi listening on ws://127.0.0.1:53577
1756202152180	RemoteAgent	WARN	TLS certificate errors will be ignored for this session
console.warn: LoginRecipes: "Falling back to a synchronous message for: https://rahulshettyacademy.com."
1756202163069	Marionette	INFO	Stopped listening on port 53697
Dynamically enable window occlusion 1
console.error: "Failed to fetch https://ads.mozilla.org/v1/delete_user:" "NetworkError when attempting to fetch resource."
console.warn: TopSitesFeed: Failed to fetch data from MARS server: NetworkError when attempting to fetch resource.
WARNING: At least one completion condition is taking too long to complete. Conditions: [{"name":"ContentParent: id=21ac13f8900","state":{"remoteTypePrefix":"webIsolated"},"filename":"/builds/worker/checkouts/gecko/dom/ipc/ContentParent.cpp","lineNumber":3700,"stack":""}] Barrier: profile-before-change
JavaScript error: resource://gre/modules/UrlClassifierListManager.sys.mjs, line 463: NS_ERROR_NOT_INITIALIZED: Component returned failure code: 0xc1f30001 (NS_ERROR_NOT_INITIALIZED) [nsIUrlClassifierDBService.getTables]
1756202178825	SessionStore	ERROR	SessionSaver write() rejected with error: Error: SessionFile is closed(resource:///modules/sessionstore/SessionFile.sys.mjs:407:29) JS Stack trace: write@SessionFile.sys.mjs:407:29
write@SessionFile.sys.mjs:46:32
_writeState@SessionSaver.sys.mjs:375:29
_saveState@SessionSaver.sys.mjs:308:17
_saveStateAsync@SessionSaver.sys.mjs:354:10
saveStateAsyncWhenIdle@SessionSaver.sys.mjs:194:14
requestIdleCallback/<@Timer.sys.mjs:180:15
observe@AsyncShutdown.sys.mjs:569:17
A content process crashed and MOZ_CRASHREPORTER_SHUTDOWN is set, shutting down
JavaScript error: resource://services-settings/RemoteSettingsClient.sys.mjs, line 102: Error: Unknown callback
