==============================================================================
Ecommerce-Robot                                                               
==============================================================================
Ecommerce-Robot.Tests                                                         
==============================================================================
Ecommerce-Robot.Tests.Test4 :: To validate Login form                         
==============================================================================
Invalid username                                                      | PASS |
------------------------------------------------------------------------------
Invalid password                                                      | PASS |
------------------------------------------------------------------------------
Special characters                                                    | PASS |
------------------------------------------------------------------------------
Ecommerce-Robot.Tests.Test4 :: To validate Login form                 | PASS |
3 tests, 3 passed, 0 failed
==============================================================================
Ecommerce-Robot.Tests                                                 | PASS |
3 tests, 3 passed, 0 failed
==============================================================================
Ecommerce-Robot                                                       | PASS |
3 tests, 3 passed, 0 failed
==============================================================================
Output:  C:\Users\markg\OneDrive\Desktop\ecommerce-robot\pabot_results\3\output.xml
