1756202077090	geckodriver	INFO	Listening on 127.0.0.1:52678
1756202080153	mozrunner::runner	INFO	Running command: "C:\\Users\\markg\\.cache\\selenium\\firefox\\win64\\142.0\\firefox.exe" "--marionette" "--remote-debugging- ... 0" "--remote-allow-hosts" "localhost" "-no-remote" "-profile" "C:\\Users\\markg\\AppData\\Local\\Temp\\rust_mozprofileozrMxy"
console.warn: services.settings: Ignoring preference override of remote settings server
console.warn: services.settings: Allow by setting MOZ_REMOTE_SETTINGS_DEVTOOLS=1 in the environment
Dynamically enable window occlusion 0
1756202083572	Marionette	INFO	Marionette enabled
1756202083827	Marionette	INFO	Listening on port 52804
WebDriver BiDi listening on ws://127.0.0.1:52680
Read port: 52804
1756202084254	RemoteAgent	WARN	TLS certificate errors will be ignored for this session
[GFX1-]: Calling WaitFlushedEvent::Run: is delayed: 4472
console.warn: LoginRecipes: "Falling back to a synchronous message for: https://rahulshettyacademy.com."
1756202118293	Marionette	INFO	Stopped listening on port 52804
Dynamically enable window occlusion 1
console.error: "Failed to fetch https://ads.mozilla.org/v1/delete_user:" "NetworkError when attempting to fetch resource."
console.warn: services.settings: main/tracking-protection-lists sync interrupted by shutdown
console.warn: TopSitesFeed: Failed to fetch data from MARS server: NetworkError when attempting to fetch resource.
console.warn: services.settings: main/search-telemetry-v2 sync interrupted by shutdown
console.warn: services.settings: main/search-config-v2 sync interrupted by shutdown
console.warn: services.settings: main/message-groups sync interrupted by shutdown
console.warn: services.settings: main/translations-models sync interrupted by shutdown
console.warn: services.settings: main/moz-essential-domain-fallbacks sync interrupted by shutdown
console.warn: services.settings: main/mfcdm-origins-list sync interrupted by shutdown
console.warn: services.settings: main/doh-config sync interrupted by shutdown
console.warn: services.settings: main/fingerprinting-protection-overrides sync interrupted by shutdown
console.warn: services.settings: main/translations-wasm sync interrupted by shutdown
console.warn: services.settings: main/partitioning-exempt-urls sync interrupted by shutdown
console.warn: services.settings: main/cfr sync interrupted by shutdown
console.warn: services.settings: main/search-config-icons sync interrupted by shutdown
console.warn: services.settings: main/search-default-override-allowlist sync interrupted by shutdown
console.warn: services.settings: main/top-sites sync interrupted by shutdown
console.warn: services.settings: main/newtab-wallpapers-v2 sync interrupted by shutdown
console.warn: services.settings: main/password-rules sync interrupted by shutdown
console.warn: services.settings: main/url-parser-default-unknown-schemes-interventions sync interrupted by shutdown
console.warn: services.settings: main/url-classifier-skip-urls sync interrupted by shutdown
console.warn: services.settings: main/websites-with-shared-credential-backends sync interrupted by shutdown
console.warn: services.settings: main/normandy-recipes-capabilities sync interrupted by shutdown
console.warn: services.settings: main/remote-permissions sync interrupted by shutdown
console.warn: services.settings: main/search-categorization sync interrupted by shutdown
console.warn: services.settings: main/third-party-cookie-blocking-exempt-urls sync interrupted by shutdown
console.warn: services.settings: main/cookie-banner-rules-list sync interrupted by shutdown
console.warn: services.settings: main/urlbar-persisted-search-terms sync interrupted by shutdown
console.warn: services.settings: main/search-config-overrides-v2 sync interrupted by shutdown
console.warn: services.settings: main/query-stripping sync interrupted by shutdown
console.warn: services.settings: main/addons-manager-settings sync interrupted by shutdown
console.warn: services.settings: main/password-recipes sync interrupted by shutdown
console.warn: services.settings: main/language-dictionaries sync interrupted by shutdown
console.warn: services.settings: main/devtools-devices sync interrupted by shutdown
console.warn: services.settings: main/doh-providers sync interrupted by shutdown
console.warn: services.settings: main/hijack-blocklists sync interrupted by shutdown
console.warn: services.settings: main/anti-tracking-url-decoration sync interrupted by shutdown
console.warn: services.settings: main/sites-classification sync interrupted by shutdown
JavaScript error: resource://services-settings/RemoteSettingsClient.sys.mjs, line 102: Error: Unknown callback
1756202135693	SessionStore	ERROR	SessionSaver write() rejected with error: Error: SessionFile is closed(resource:///modules/sessionstore/SessionFile.sys.mjs:407:29) JS Stack trace: write@SessionFile.sys.mjs:407:29
write@SessionFile.sys.mjs:46:32
_writeState@SessionSaver.sys.mjs:375:29
_saveState@SessionSaver.sys.mjs:308:17
_saveStateAsync@SessionSaver.sys.mjs:354:10
saveStateAsyncWhenIdle@SessionSaver.sys.mjs:194:14
requestIdleCallback/<@Timer.sys.mjs:180:15
