==============================================================================
Ecommerce-Robot                                                               
==============================================================================
Ecommerce-Robot.Tests                                                         
==============================================================================
Ecommerce-Robot.Tests.Test5 :: To validate Login form                         
==============================================================================
Invalid username                                                      | PASS |
------------------------------------------------------------------------------
Invalid password                                                      | PASS |
------------------------------------------------------------------------------
Special characters                                                    | PASS |
------------------------------------------------------------------------------
Login with invalid username 123 and password learning                 | PASS |
------------------------------------------------------------------------------
Ecommerce-Robot.Tests.Test5 :: To validate Login form                 | PASS |
4 tests, 4 passed, 0 failed
==============================================================================
Ecommerce-Robot.Tests                                                 | PASS |
4 tests, 4 passed, 0 failed
==============================================================================
Ecommerce-Robot                                                       | PASS |
4 tests, 4 passed, 0 failed
==============================================================================
Output:  C:\Users\markg\OneDrive\Desktop\ecommerce-robot\pabot_results\4\output.xml
